<?xml version="1.0" encoding="UTF-8"?>
<!-- Generated by org.testng.reporters.JUnitReportReporter -->
<testsuite hostname="PC-PC" failures="0" tests="4" name="com.hutech.testCases.LoginTest" time="2.835" errors="0" timestamp="2024-12-02T16:40:20 IST" skipped="0">
  <testcase classname="com.hutech.testCases.LoginTest" name="loginAsBankManager" time="1.288"/>
  <testcase classname="com.hutech.testCases.LoginTest" name="addBankmanagerCustomer" time="0.333"/>
  <testcase classname="com.hutech.testCases.LoginTest" name="signUpCompletion" time="0.110"/>
  <testcase classname="com.hutech.testCases.LoginTest" name="getDOB" time="1.104"/>
</testsuite> <!-- com.hutech.testCases.LoginTest -->
